<?xml version="1.0" encoding="UTF-8"?>
<!-- Generated by org.testng.reporters.JUnitReportReporter -->
<testsuite hostname="NRMI-55" name="in.novopay.cbs.apis.FlowMapper" tests="1" failures="0" timestamp="22 Jul 2020 12:49:54 GMT" time="8.904" errors="0">
  <testcase name="flowMapperTest" time="8.904" classname="in.novopay.cbs.apis.FlowMapper"/>
</testsuite> <!-- in.novopay.cbs.apis.FlowMapper -->
