<?xml version="1.0" encoding="UTF-8"?>
<!-- Generated by org.testng.reporters.JUnitReportReporter -->
<testsuite hostname="DESKTOP-L7AGLPD" name="in.novopay.cbs.apis.login.LoginTest" tests="1" failures="0" timestamp="29 Oct 2020 09:45:15 GMT" time="1.347" errors="0">
  <testcase name="loginTest" time="1.347" classname="in.novopay.cbs.apis.login.LoginTest"/>
</testsuite> <!-- in.novopay.cbs.apis.login.LoginTest -->
